<?xml version="1.0" encoding="UTF-8"?>
<!-- Generated by org.testng.reporters.JUnitReportReporter -->
<testsuite hostname="DESKTOP-BTTV5AN" name="example.PetClinicTest" tests="1" failures="0" timestamp="20 Jan 2019 02:48:28 GMT" time="0.180" errors="0">
  <testcase name="testPetClinic" time="0.180" classname="example.PetClinicTest"/>
</testsuite> <!-- example.PetClinicTest -->
