<?xml version="1.0" encoding="UTF-8"?>
<!-- Generated by org.testng.reporters.JUnitReportReporter -->
<testsuite hostname="DESKTOP-BTTV5AN" name="example.PetClinicTest" tests="1" failures="0" timestamp="20 Jan 2019 02:17:42 GMT" time="0.000" errors="0">
  <testcase name="f" time="0.000" classname="example.PetClinicTest"/>
</testsuite> <!-- example.PetClinicTest -->
